<?xml version="1.0" encoding="UTF-8"?>
<!-- Generated by org.testng.reporters.JUnitReportReporter -->
<testsuite name="com.FREECRM.Login.LoginTestCase" tests="1" time="0.028" ignored="0" failures="0" timestamp="14 Dec 2018 15:17:19 GMT" skipped="0" hostname="ASI-1" errors="0">
  <testcase name="LoginFreeCRM" time="0.028" classname="com.FREECRM.Login.LoginTestCase"/>
</testsuite> <!-- com.FREECRM.Login.LoginTestCase -->
